<?xml version="1.0" encoding="UTF-8"?>
<testsuite name="com.example.testit.service.TaskServiceTest" tests="1" skipped="0" failures="0" errors="0" timestamp="2026-01-23T16:52:20.298Z" hostname="DESKTOP-86VMBI9" time="2.846">
  <properties/>
  <testcase name="itshouldupdateTask()" classname="com.example.testit.service.TaskServiceTest" time="2.846"/>
  <system-out><![CDATA[17:52:13.744 [Test worker] INFO org.springframework.test.context.support.AnnotationConfigContextLoaderUtils -- Could not detect default configuration classes for test class [com.example.testit.service.TaskServiceTest]: TaskServiceTest does not declare any static, non-private, non-final, nested classes annotated with @Configuration.
17:52:13.887 [Test worker] INFO org.springframework.boot.test.context.SpringBootTestContextBootstrapper -- Found @SpringBootConfiguration com.example.testit.TestItApplication for test class com.example.testit.service.TaskServiceTest

  .   ____          _            __ _ _
 /\\ / ___'_ __ _ _(_)_ __  __ _ \ \ \ \
( ( )\___ | '_ | '_| | '_ \/ _` | \ \ \ \
 \\/  ___)| |_)| | | | | || (_| |  ) ) ) )
  '  |____| .__|_| |_|_| |_\__, | / / / /
 =========|_|==============|___/=/_/_/_/
 :: Spring Boot ::                (v3.2.0)

2026-01-23T17:52:14.441+01:00  INFO 28272 --- [    Test worker] c.e.testit.service.TaskServiceTest       : Starting TaskServiceTest using Java 17.0.17 with PID 28272 (started by pasci in C:\Users\pasci\IdeaProjects\test-it)
2026-01-23T17:52:14.441+01:00  INFO 28272 --- [    Test worker] c.e.testit.service.TaskServiceTest       : No active profile set, falling back to 1 default profile: "default"
2026-01-23T17:52:15.203+01:00  INFO 28272 --- [    Test worker] .s.d.r.c.RepositoryConfigurationDelegate : Bootstrapping Spring Data JPA repositories in DEFAULT mode.
2026-01-23T17:52:15.297+01:00  INFO 28272 --- [    Test worker] .s.d.r.c.RepositoryConfigurationDelegate : Finished Spring Data repository scanning in 76 ms. Found 2 JPA repository interfaces.
2026-01-23T17:52:15.780+01:00  INFO 28272 --- [    Test worker] com.zaxxer.hikari.HikariDataSource       : HikariPool-1 - Starting...
2026-01-23T17:52:16.016+01:00  INFO 28272 --- [    Test worker] com.zaxxer.hikari.pool.HikariPool        : HikariPool-1 - Added connection conn0: url=jdbc:h2:mem:testdb user=SA
2026-01-23T17:52:16.016+01:00  INFO 28272 --- [    Test worker] com.zaxxer.hikari.HikariDataSource       : HikariPool-1 - Start completed.
2026-01-23T17:52:16.080+01:00  INFO 28272 --- [    Test worker] liquibase.database                       : Set default schema name to PUBLIC
2026-01-23T17:52:16.665+01:00  INFO 28272 --- [    Test worker] liquibase.changelog                      : Creating database history table with name: PUBLIC.DATABASECHANGELOG
2026-01-23T17:52:16.793+01:00  INFO 28272 --- [    Test worker] liquibase.changelog                      : Reading from PUBLIC.DATABASECHANGELOG
2026-01-23T17:52:16.878+01:00  INFO 28272 --- [    Test worker] liquibase.lockservice                    : Successfully acquired change log lock
2026-01-23T17:52:16.886+01:00  INFO 28272 --- [    Test worker] liquibase.command                        : Using deploymentId: 9187136886
2026-01-23T17:52:16.890+01:00  INFO 28272 --- [    Test worker] liquibase.changelog                      : Reading from PUBLIC.DATABASECHANGELOG
Running Changeset: db/changelog/001-create-users-table.xml::001::testit
2026-01-23T17:52:16.923+01:00  INFO 28272 --- [    Test worker] liquibase.changelog                      : Table user created
2026-01-23T17:52:16.923+01:00  INFO 28272 --- [    Test worker] liquibase.changelog                      : ChangeSet db/changelog/001-create-users-table.xml::001::testit ran successfully in 11ms
Running Changeset: db/changelog/002-create-task-table.xml::002::testit
2026-01-23T17:52:16.945+01:00  INFO 28272 --- [    Test worker] liquibase.changelog                      : Table task created
2026-01-23T17:52:16.945+01:00  INFO 28272 --- [    Test worker] liquibase.changelog                      : ChangeSet db/changelog/002-create-task-table.xml::002::testit ran successfully in 10ms
2026-01-23T17:52:16.947+01:00  INFO 28272 --- [    Test worker] liquibase.util                           : UPDATE SUMMARY
2026-01-23T17:52:16.947+01:00  INFO 28272 --- [    Test worker] liquibase.util                           : Run:                          2
2026-01-23T17:52:16.947+01:00  INFO 28272 --- [    Test worker] liquibase.util                           : Previously run:               0
2026-01-23T17:52:16.947+01:00  INFO 28272 --- [    Test worker] liquibase.util                           : Filtered out:                 0
2026-01-23T17:52:16.947+01:00  INFO 28272 --- [    Test worker] liquibase.util                           : -------------------------------
2026-01-23T17:52:16.947+01:00  INFO 28272 --- [    Test worker] liquibase.util                           : Total change sets:            2
2026-01-23T17:52:16.947+01:00  INFO 28272 --- [    Test worker] liquibase.util                           : Update summary generated
2026-01-23T17:52:16.953+01:00  INFO 28272 --- [    Test worker] liquibase.command                        : Update command completed successfully.
Liquibase: Update has been successful. Rows affected: 2
2026-01-23T17:52:16.956+01:00  INFO 28272 --- [    Test worker] liquibase.lockservice                    : Successfully released change log lock
2026-01-23T17:52:16.958+01:00  INFO 28272 --- [    Test worker] liquibase.command                        : Command execution complete
2026-01-23T17:52:17.057+01:00  INFO 28272 --- [    Test worker] o.hibernate.jpa.internal.util.LogHelper  : HHH000204: Processing PersistenceUnitInfo [name: default]
2026-01-23T17:52:17.167+01:00  INFO 28272 --- [    Test worker] org.hibernate.Version                    : HHH000412: Hibernate ORM core version 6.3.1.Final
2026-01-23T17:52:17.215+01:00  INFO 28272 --- [    Test worker] o.h.c.internal.RegionFactoryInitiator    : HHH000026: Second-level cache disabled
2026-01-23T17:52:17.487+01:00  INFO 28272 --- [    Test worker] o.s.o.j.p.SpringPersistenceUnitInfo      : No LoadTimeWeaver setup: ignoring JPA class transformer
2026-01-23T17:52:17.529+01:00  WARN 28272 --- [    Test worker] org.hibernate.orm.deprecation            : HHH90000025: H2Dialect does not need to be specified explicitly using 'hibernate.dialect' (remove the property setting and it will be selected by default)
2026-01-23T17:52:18.307+01:00  INFO 28272 --- [    Test worker] o.h.e.t.j.p.i.JtaPlatformInitiator       : HHH000489: No JTA platform available (set 'hibernate.transaction.jta.platform' to enable JTA platform integration)
2026-01-23T17:52:18.339+01:00  INFO 28272 --- [    Test worker] j.LocalContainerEntityManagerFactoryBean : Initialized JPA EntityManagerFactory for persistence unit 'default'
2026-01-23T17:52:18.827+01:00  INFO 28272 --- [    Test worker] o.s.d.j.r.query.QueryEnhancerFactory     : Hibernate is in classpath; If applicable, HQL parser will be used.
2026-01-23T17:52:19.664+01:00  WARN 28272 --- [    Test worker] JpaBaseConfiguration$JpaWebConfiguration : spring.jpa.open-in-view is enabled by default. Therefore, database queries may be performed during view rendering. Explicitly configure spring.jpa.open-in-view to disable this warning
2026-01-23T17:52:20.168+01:00  INFO 28272 --- [    Test worker] o.s.b.a.h2.H2ConsoleAutoConfiguration    : H2 console available at '/h2-console'. Database available at 'jdbc:h2:mem:testdb'
2026-01-23T17:52:20.262+01:00  INFO 28272 --- [    Test worker] c.e.testit.service.TaskServiceTest       : Started TaskServiceTest in 6.149 seconds (process running for 7.612)
]]></system-out>
  <system-err><![CDATA[]]></system-err>
</testsuite>
