<?xml version="1.0" encoding="UTF-8"?>
<testsuite name="com.example.testit.service.TaskServiceTest" tests="1" skipped="0" failures="0" errors="0" timestamp="2026-01-23T16:41:35.214Z" hostname="DESKTOP-86VMBI9" time="2.528">
  <properties/>
  <testcase name="itshouldFinishTask()" classname="com.example.testit.service.TaskServiceTest" time="2.528"/>
  <system-out><![CDATA[17:41:29.677 [Test worker] INFO org.springframework.test.context.support.AnnotationConfigContextLoaderUtils -- Could not detect default configuration classes for test class [com.example.testit.service.TaskServiceTest]: TaskServiceTest does not declare any static, non-private, non-final, nested classes annotated with @Configuration.
17:41:29.802 [Test worker] INFO org.springframework.boot.test.context.SpringBootTestContextBootstrapper -- Found @SpringBootConfiguration com.example.testit.TestItApplication for test class com.example.testit.service.TaskServiceTest

  .   ____          _            __ _ _
 /\\ / ___'_ __ _ _(_)_ __  __ _ \ \ \ \
( ( )\___ | '_ | '_| | '_ \/ _` | \ \ \ \
 \\/  ___)| |_)| | | | | || (_| |  ) ) ) )
  '  |____| .__|_| |_|_| |_\__, | / / / /
 =========|_|==============|___/=/_/_/_/
 :: Spring Boot ::                (v3.2.0)

2026-01-23T17:41:30.187+01:00  INFO 22240 --- [    Test worker] c.e.testit.service.TaskServiceTest       : Starting TaskServiceTest using Java 17.0.17 with PID 22240 (started by pasci in C:\Users\pasci\IdeaProjects\test-it)
2026-01-23T17:41:30.187+01:00  INFO 22240 --- [    Test worker] c.e.testit.service.TaskServiceTest       : No active profile set, falling back to 1 default profile: "default"
2026-01-23T17:41:30.889+01:00  INFO 22240 --- [    Test worker] .s.d.r.c.RepositoryConfigurationDelegate : Bootstrapping Spring Data JPA repositories in DEFAULT mode.
2026-01-23T17:41:30.968+01:00  INFO 22240 --- [    Test worker] .s.d.r.c.RepositoryConfigurationDelegate : Finished Spring Data repository scanning in 65 ms. Found 2 JPA repository interfaces.
2026-01-23T17:41:31.365+01:00  INFO 22240 --- [    Test worker] com.zaxxer.hikari.HikariDataSource       : HikariPool-1 - Starting...
2026-01-23T17:41:31.568+01:00  INFO 22240 --- [    Test worker] com.zaxxer.hikari.pool.HikariPool        : HikariPool-1 - Added connection conn0: url=jdbc:h2:mem:testdb user=SA
2026-01-23T17:41:31.568+01:00  INFO 22240 --- [    Test worker] com.zaxxer.hikari.HikariDataSource       : HikariPool-1 - Start completed.
2026-01-23T17:41:31.631+01:00  INFO 22240 --- [    Test worker] liquibase.database                       : Set default schema name to PUBLIC
2026-01-23T17:41:32.151+01:00  INFO 22240 --- [    Test worker] liquibase.changelog                      : Creating database history table with name: PUBLIC.DATABASECHANGELOG
2026-01-23T17:41:32.261+01:00  INFO 22240 --- [    Test worker] liquibase.changelog                      : Reading from PUBLIC.DATABASECHANGELOG
2026-01-23T17:41:32.343+01:00  INFO 22240 --- [    Test worker] liquibase.lockservice                    : Successfully acquired change log lock
2026-01-23T17:41:32.343+01:00  INFO 22240 --- [    Test worker] liquibase.command                        : Using deploymentId: 9186492343
2026-01-23T17:41:32.343+01:00  INFO 22240 --- [    Test worker] liquibase.changelog                      : Reading from PUBLIC.DATABASECHANGELOG
Running Changeset: db/changelog/001-create-users-table.xml::001::testit
2026-01-23T17:41:32.376+01:00  INFO 22240 --- [    Test worker] liquibase.changelog                      : Table user created
2026-01-23T17:41:32.376+01:00  INFO 22240 --- [    Test worker] liquibase.changelog                      : ChangeSet db/changelog/001-create-users-table.xml::001::testit ran successfully in 14ms
Running Changeset: db/changelog/002-create-task-table.xml::002::testit
2026-01-23T17:41:32.397+01:00  INFO 22240 --- [    Test worker] liquibase.changelog                      : Table task created
2026-01-23T17:41:32.397+01:00  INFO 22240 --- [    Test worker] liquibase.changelog                      : ChangeSet db/changelog/002-create-task-table.xml::002::testit ran successfully in 8ms
2026-01-23T17:41:32.399+01:00  INFO 22240 --- [    Test worker] liquibase.util                           : UPDATE SUMMARY
2026-01-23T17:41:32.404+01:00  INFO 22240 --- [    Test worker] liquibase.util                           : Run:                          2
2026-01-23T17:41:32.404+01:00  INFO 22240 --- [    Test worker] liquibase.util                           : Previously run:               0
2026-01-23T17:41:32.404+01:00  INFO 22240 --- [    Test worker] liquibase.util                           : Filtered out:                 0
2026-01-23T17:41:32.404+01:00  INFO 22240 --- [    Test worker] liquibase.util                           : -------------------------------
2026-01-23T17:41:32.404+01:00  INFO 22240 --- [    Test worker] liquibase.util                           : Total change sets:            2
2026-01-23T17:41:32.404+01:00  INFO 22240 --- [    Test worker] liquibase.util                           : Update summary generated
2026-01-23T17:41:32.404+01:00  INFO 22240 --- [    Test worker] liquibase.command                        : Update command completed successfully.
Liquibase: Update has been successful. Rows affected: 2
2026-01-23T17:41:32.404+01:00  INFO 22240 --- [    Test worker] liquibase.lockservice                    : Successfully released change log lock
2026-01-23T17:41:32.404+01:00  INFO 22240 --- [    Test worker] liquibase.command                        : Command execution complete
2026-01-23T17:41:32.507+01:00  INFO 22240 --- [    Test worker] o.hibernate.jpa.internal.util.LogHelper  : HHH000204: Processing PersistenceUnitInfo [name: default]
2026-01-23T17:41:32.585+01:00  INFO 22240 --- [    Test worker] org.hibernate.Version                    : HHH000412: Hibernate ORM core version 6.3.1.Final
2026-01-23T17:41:32.639+01:00  INFO 22240 --- [    Test worker] o.h.c.internal.RegionFactoryInitiator    : HHH000026: Second-level cache disabled
2026-01-23T17:41:32.878+01:00  INFO 22240 --- [    Test worker] o.s.o.j.p.SpringPersistenceUnitInfo      : No LoadTimeWeaver setup: ignoring JPA class transformer
2026-01-23T17:41:32.926+01:00  WARN 22240 --- [    Test worker] org.hibernate.orm.deprecation            : HHH90000025: H2Dialect does not need to be specified explicitly using 'hibernate.dialect' (remove the property setting and it will be selected by default)
2026-01-23T17:41:33.766+01:00  INFO 22240 --- [    Test worker] o.h.e.t.j.p.i.JtaPlatformInitiator       : HHH000489: No JTA platform available (set 'hibernate.transaction.jta.platform' to enable JTA platform integration)
2026-01-23T17:41:33.781+01:00  INFO 22240 --- [    Test worker] j.LocalContainerEntityManagerFactoryBean : Initialized JPA EntityManagerFactory for persistence unit 'default'
2026-01-23T17:41:34.097+01:00  INFO 22240 --- [    Test worker] o.s.d.j.r.query.QueryEnhancerFactory     : Hibernate is in classpath; If applicable, HQL parser will be used.
2026-01-23T17:41:34.770+01:00  WARN 22240 --- [    Test worker] JpaBaseConfiguration$JpaWebConfiguration : spring.jpa.open-in-view is enabled by default. Therefore, database queries may be performed during view rendering. Explicitly configure spring.jpa.open-in-view to disable this warning
2026-01-23T17:41:35.124+01:00  INFO 22240 --- [    Test worker] o.s.b.a.h2.H2ConsoleAutoConfiguration    : H2 console available at '/h2-console'. Database available at 'jdbc:h2:mem:testdb'
2026-01-23T17:41:35.188+01:00  INFO 22240 --- [    Test worker] c.e.testit.service.TaskServiceTest       : Started TaskServiceTest in 5.243 seconds (process running for 6.49)
2026-01-23T17:41:37.658+01:00  INFO 22240 --- [    Test worker] c.e.testit.adapter.mail.MailServiceFake  : Fake Mail to rhabby: Tâche commencée - La tâche 'faire à manger' a été commencée.
2026-01-23T17:41:37.684+01:00  INFO 22240 --- [    Test worker] c.e.testit.adapter.mail.MailServiceFake  : Fake Mail to rhabby: Tâche terminée - La tâche 'faire à manger' a été terminée.
]]></system-out>
  <system-err><![CDATA[]]></system-err>
</testsuite>
