<?xml version="1.0" encoding="UTF-8"?>
<testsuite name="com.example.testit.TaskControllerTest" tests="1" skipped="0" failures="0" errors="0" timestamp="2026-02-16T10:57:19.596Z" hostname="DESKTOP-86VMBI9" time="2.572">
  <properties/>
  <testcase name="createTask_shouldCreateTask()" classname="com.example.testit.TaskControllerTest" time="2.572"/>
  <system-out><![CDATA[11:57:13.968 [Test worker] INFO org.springframework.test.context.support.AnnotationConfigContextLoaderUtils -- Could not detect default configuration classes for test class [com.example.testit.TaskControllerTest]: TaskControllerTest does not declare any static, non-private, non-final, nested classes annotated with @Configuration.
11:57:14.111 [Test worker] INFO org.springframework.boot.test.context.SpringBootTestContextBootstrapper -- Found @SpringBootConfiguration com.example.testit.TestItApplication for test class com.example.testit.TaskControllerTest

  .   ____          _            __ _ _
 /\\ / ___'_ __ _ _(_)_ __  __ _ \ \ \ \
( ( )\___ | '_ | '_| | '_ \/ _` | \ \ \ \
 \\/  ___)| |_)| | | | | || (_| |  ) ) ) )
  '  |____| .__|_| |_|_| |_\__, | / / / /
 =========|_|==============|___/=/_/_/_/
 :: Spring Boot ::                (v3.2.0)

2026-02-16T11:57:14.503+01:00  INFO 11656 --- [    Test worker] com.example.testit.TaskControllerTest    : Starting TaskControllerTest using Java 23.0.2 with PID 11656 (started by pasci in C:\Users\pasci\IdeaProjects\test-it)
2026-02-16T11:57:14.503+01:00  INFO 11656 --- [    Test worker] com.example.testit.TaskControllerTest    : No active profile set, falling back to 1 default profile: "default"
2026-02-16T11:57:15.272+01:00  INFO 11656 --- [    Test worker] .s.d.r.c.RepositoryConfigurationDelegate : Bootstrapping Spring Data JPA repositories in DEFAULT mode.
2026-02-16T11:57:15.336+01:00  INFO 11656 --- [    Test worker] .s.d.r.c.RepositoryConfigurationDelegate : Finished Spring Data repository scanning in 49 ms. Found 2 JPA repository interfaces.
2026-02-16T11:57:15.796+01:00  INFO 11656 --- [    Test worker] com.zaxxer.hikari.HikariDataSource       : HikariPool-1 - Starting...
2026-02-16T11:57:15.982+01:00  INFO 11656 --- [    Test worker] com.zaxxer.hikari.pool.HikariPool        : HikariPool-1 - Added connection conn0: url=jdbc:h2:mem:testdb user=SA
2026-02-16T11:57:15.982+01:00  INFO 11656 --- [    Test worker] com.zaxxer.hikari.HikariDataSource       : HikariPool-1 - Start completed.
2026-02-16T11:57:16.040+01:00  INFO 11656 --- [    Test worker] liquibase.database                       : Set default schema name to PUBLIC
2026-02-16T11:57:16.500+01:00  INFO 11656 --- [    Test worker] liquibase.changelog                      : Creating database history table with name: PUBLIC.DATABASECHANGELOG
2026-02-16T11:57:16.595+01:00  INFO 11656 --- [    Test worker] liquibase.changelog                      : Reading from PUBLIC.DATABASECHANGELOG
2026-02-16T11:57:16.679+01:00  INFO 11656 --- [    Test worker] liquibase.lockservice                    : Successfully acquired change log lock
2026-02-16T11:57:16.679+01:00  INFO 11656 --- [    Test worker] liquibase.command                        : Using deploymentId: 1239436679
2026-02-16T11:57:16.679+01:00  INFO 11656 --- [    Test worker] liquibase.changelog                      : Reading from PUBLIC.DATABASECHANGELOG
Running Changeset: db/changelog/001-create-users-table.xml::001::testit
2026-02-16T11:57:16.722+01:00  INFO 11656 --- [    Test worker] liquibase.changelog                      : Table users created
2026-02-16T11:57:16.722+01:00  INFO 11656 --- [    Test worker] liquibase.changelog                      : ChangeSet db/changelog/001-create-users-table.xml::001::testit ran successfully in 10ms
Running Changeset: db/changelog/002-create-task-table.xml::002::testit
2026-02-16T11:57:16.743+01:00  INFO 11656 --- [    Test worker] liquibase.changelog                      : Table task created
2026-02-16T11:57:16.743+01:00  INFO 11656 --- [    Test worker] liquibase.changelog                      : Sequence task_seq created
2026-02-16T11:57:16.743+01:00  INFO 11656 --- [    Test worker] liquibase.changelog                      : ChangeSet db/changelog/002-create-task-table.xml::002::testit ran successfully in 2ms
2026-02-16T11:57:16.749+01:00  INFO 11656 --- [    Test worker] liquibase.util                           : UPDATE SUMMARY
2026-02-16T11:57:16.749+01:00  INFO 11656 --- [    Test worker] liquibase.util                           : Run:                          2
2026-02-16T11:57:16.749+01:00  INFO 11656 --- [    Test worker] liquibase.util                           : Previously run:               0
2026-02-16T11:57:16.749+01:00  INFO 11656 --- [    Test worker] liquibase.util                           : Filtered out:                 0
2026-02-16T11:57:16.749+01:00  INFO 11656 --- [    Test worker] liquibase.util                           : -------------------------------
2026-02-16T11:57:16.749+01:00  INFO 11656 --- [    Test worker] liquibase.util                           : Total change sets:            2
2026-02-16T11:57:16.749+01:00  INFO 11656 --- [    Test worker] liquibase.util                           : Update summary generated
2026-02-16T11:57:16.754+01:00  INFO 11656 --- [    Test worker] liquibase.command                        : Update command completed successfully.
Liquibase: Update has been successful. Rows affected: 2
2026-02-16T11:57:16.754+01:00  INFO 11656 --- [    Test worker] liquibase.lockservice                    : Successfully released change log lock
2026-02-16T11:57:16.754+01:00  INFO 11656 --- [    Test worker] liquibase.command                        : Command execution complete
2026-02-16T11:57:16.849+01:00  INFO 11656 --- [    Test worker] o.hibernate.jpa.internal.util.LogHelper  : HHH000204: Processing PersistenceUnitInfo [name: default]
2026-02-16T11:57:16.912+01:00  INFO 11656 --- [    Test worker] org.hibernate.Version                    : HHH000412: Hibernate ORM core version 6.3.1.Final
2026-02-16T11:57:16.949+01:00  INFO 11656 --- [    Test worker] o.h.c.internal.RegionFactoryInitiator    : HHH000026: Second-level cache disabled
2026-02-16T11:57:17.192+01:00  INFO 11656 --- [    Test worker] o.s.o.j.p.SpringPersistenceUnitInfo      : No LoadTimeWeaver setup: ignoring JPA class transformer
2026-02-16T11:57:17.229+01:00  WARN 11656 --- [    Test worker] org.hibernate.orm.deprecation            : HHH90000025: H2Dialect does not need to be specified explicitly using 'hibernate.dialect' (remove the property setting and it will be selected by default)
2026-02-16T11:57:17.977+01:00  INFO 11656 --- [    Test worker] o.h.e.t.j.p.i.JtaPlatformInitiator       : HHH000489: No JTA platform available (set 'hibernate.transaction.jta.platform' to enable JTA platform integration)
2026-02-16T11:57:17.993+01:00  INFO 11656 --- [    Test worker] j.LocalContainerEntityManagerFactoryBean : Initialized JPA EntityManagerFactory for persistence unit 'default'
2026-02-16T11:57:18.310+01:00  INFO 11656 --- [    Test worker] o.s.d.j.r.query.QueryEnhancerFactory     : Hibernate is in classpath; If applicable, HQL parser will be used.
2026-02-16T11:57:18.883+01:00  WARN 11656 --- [    Test worker] JpaBaseConfiguration$JpaWebConfiguration : spring.jpa.open-in-view is enabled by default. Therefore, database queries may be performed during view rendering. Explicitly configure spring.jpa.open-in-view to disable this warning
2026-02-16T11:57:19.185+01:00  INFO 11656 --- [    Test worker] o.s.s.web.DefaultSecurityFilterChain     : Will secure any request with [org.springframework.security.web.session.DisableEncodeUrlFilter@6705b98b, org.springframework.security.web.context.request.async.WebAsyncManagerIntegrationFilter@7324d83, org.springframework.security.web.context.SecurityContextHolderFilter@399dc033, org.springframework.security.web.header.HeaderWriterFilter@7b70596d, org.springframework.web.filter.CorsFilter@370bd951, org.springframework.security.web.authentication.logout.LogoutFilter@736ded17, org.springframework.security.web.authentication.www.BasicAuthenticationFilter@2ce987d7, org.springframework.security.web.savedrequest.RequestCacheAwareFilter@4bdc0fb0, org.springframework.security.web.servletapi.SecurityContextHolderAwareRequestFilter@48dbf9d, org.springframework.security.web.authentication.AnonymousAuthenticationFilter@2c4da654, org.springframework.security.web.session.SessionManagementFilter@5961fad1, org.springframework.security.web.access.ExceptionTranslationFilter@73430c86, org.springframework.security.web.access.intercept.AuthorizationFilter@601e465f]
2026-02-16T11:57:19.469+01:00  INFO 11656 --- [    Test worker] o.s.b.a.h2.H2ConsoleAutoConfiguration    : H2 console available at '/h2-console'. Database available at 'jdbc:h2:mem:testdb'
2026-02-16T11:57:19.550+01:00  INFO 11656 --- [    Test worker] o.s.b.t.m.w.SpringBootMockServletContext : Initializing Spring TestDispatcherServlet ''
2026-02-16T11:57:19.550+01:00  INFO 11656 --- [    Test worker] o.s.t.web.servlet.TestDispatcherServlet  : Initializing Servlet ''
2026-02-16T11:57:19.550+01:00  INFO 11656 --- [    Test worker] o.s.t.web.servlet.TestDispatcherServlet  : Completed initialization in 0 ms
2026-02-16T11:57:19.578+01:00  INFO 11656 --- [    Test worker] com.example.testit.TaskControllerTest    : Started TaskControllerTest in 5.313 seconds (process running for 6.59)
2026-02-16T11:57:21.962+01:00  WARN 11656 --- [    Test worker] o.s.w.s.h.HandlerMappingIntrospector     : Cache miss for REQUEST dispatch to '/tasks' (previous null). Performing CorsConfiguration lookup. This is logged once only at WARN level, and every time at TRACE.
]]></system-out>
  <system-err><![CDATA[WARNING: A Java agent has been loaded dynamically (C:\Users\pasci\.gradle\caches\modules-2\files-2.1\net.bytebuddy\byte-buddy-agent\1.14.10\90ed94ac044ea8953b224304c762316e91fd6b31\byte-buddy-agent-1.14.10.jar)
WARNING: If a serviceability tool is in use, please run with -XX:+EnableDynamicAgentLoading to hide this warning
WARNING: If a serviceability tool is not in use, please run with -Djdk.instrument.traceUsage for more information
WARNING: Dynamic loading of agents will be disallowed by default in a future release
]]></system-err>
</testsuite>
