<?xml version="1.0" encoding="UTF-8"?>
<testsuite name="com.example.testit.TaskServiceTest" tests="7" skipped="0" failures="0" errors="0" timestamp="2026-02-16T07:24:29.361Z" hostname="DESKTOP-86VMBI9" time="0.597">
  <properties/>
  <testcase name="startTask_shouldThrow_whenTaskNotOuvert()" classname="com.example.testit.TaskServiceTest" time="0.55"/>
  <testcase name="startTask_shouldStartTask_whenValid()" classname="com.example.testit.TaskServiceTest" time="0.01"/>
  <testcase name="createTask_shouldCreateTask()" classname="com.example.testit.TaskServiceTest" time="0.008"/>
  <testcase name="startTask_shouldThrow_whenUserHasOngoingTask()" classname="com.example.testit.TaskServiceTest" time="0.004"/>
  <testcase name="finishTask_shouldThrow_whenTaskNotEnCours()" classname="com.example.testit.TaskServiceTest" time="0.005"/>
  <testcase name="finishTask_shouldFinishTask_whenValid()" classname="com.example.testit.TaskServiceTest" time="0.005"/>
  <testcase name="startTask_shouldThrow_whenTaskNotAssigned()" classname="com.example.testit.TaskServiceTest" time="0.005"/>
  <system-out><![CDATA[]]></system-out>
  <system-err><![CDATA[]]></system-err>
</testsuite>
