<?xml version="1.0" encoding="UTF-8"?>
<testsuite name="com.example.testit.TaskServiceIntegrationTest" tests="7" skipped="0" failures="0" errors="0" timestamp="2026-02-16T07:24:29.133Z" hostname="DESKTOP-86VMBI9" time="0.22">
  <properties/>
  <testcase name="findByUserId_shouldReturnUserTasks()" classname="com.example.testit.TaskServiceIntegrationTest" time="0.064"/>
  <testcase name="startTask_shouldFail_whenUserHasMultipleOngoingTasks()" classname="com.example.testit.TaskServiceIntegrationTest" time="0.05"/>
  <testcase name="startTask_shouldStartTaskAndUpdateDatabase()" classname="com.example.testit.TaskServiceIntegrationTest" time="0.019"/>
  <testcase name="createTask_shouldCreateTaskInDatabase()" classname="com.example.testit.TaskServiceIntegrationTest" time="0.016"/>
  <testcase name="finishTask_shouldSendMailToManager_whenManagerExists()" classname="com.example.testit.TaskServiceIntegrationTest" time="0.025"/>
  <testcase name="startTask_shouldFail_whenTaskNotAssigned()" classname="com.example.testit.TaskServiceIntegrationTest" time="0.016"/>
  <testcase name="finishTask_shouldFinishTaskAndUpdateDatabase()" classname="com.example.testit.TaskServiceIntegrationTest" time="0.022"/>
  <system-out><![CDATA[2026-02-16T08:24:28.464+01:00  INFO 3656 --- [    Test worker] t.c.s.AnnotationConfigContextLoaderUtils : Could not detect default configuration classes for test class [com.example.testit.TaskServiceIntegrationTest]: TaskServiceIntegrationTest does not declare any static, non-private, non-final, nested classes annotated with @Configuration.
2026-02-16T08:24:28.468+01:00  INFO 3656 --- [    Test worker] .b.t.c.SpringBootTestContextBootstrapper : Found @SpringBootConfiguration com.example.testit.TestItApplication for test class com.example.testit.TaskServiceIntegrationTest

  .   ____          _            __ _ _
 /\\ / ___'_ __ _ _(_)_ __  __ _ \ \ \ \
( ( )\___ | '_ | '_| | '_ \/ _` | \ \ \ \
 \\/  ___)| |_)| | | | | || (_| |  ) ) ) )
  '  |____| .__|_| |_|_| |_\__, | / / / /
 =========|_|==============|___/=/_/_/_/
 :: Spring Boot ::                (v3.2.0)

2026-02-16T08:24:28.499+01:00  INFO 3656 --- [    Test worker] c.e.testit.TaskServiceIntegrationTest    : Starting TaskServiceIntegrationTest using Java 17.0.17 with PID 3656 (started by pasci in C:\Users\pasci\IdeaProjects\test-it)
2026-02-16T08:24:28.499+01:00  INFO 3656 --- [    Test worker] c.e.testit.TaskServiceIntegrationTest    : No active profile set, falling back to 1 default profile: "default"
2026-02-16T08:24:28.686+01:00  INFO 3656 --- [    Test worker] .s.d.r.c.RepositoryConfigurationDelegate : Bootstrapping Spring Data JPA repositories in DEFAULT mode.
2026-02-16T08:24:28.700+01:00  INFO 3656 --- [    Test worker] .s.d.r.c.RepositoryConfigurationDelegate : Finished Spring Data repository scanning in 14 ms. Found 2 JPA repository interfaces.
2026-02-16T08:24:28.762+01:00  INFO 3656 --- [    Test worker] com.zaxxer.hikari.HikariDataSource       : HikariPool-2 - Starting...
2026-02-16T08:24:28.762+01:00  INFO 3656 --- [    Test worker] com.zaxxer.hikari.pool.HikariPool        : HikariPool-2 - Added connection conn20: url=jdbc:h2:mem:testdb user=SA
2026-02-16T08:24:28.762+01:00  INFO 3656 --- [    Test worker] com.zaxxer.hikari.HikariDataSource       : HikariPool-2 - Start completed.
2026-02-16T08:24:28.762+01:00  INFO 3656 --- [    Test worker] liquibase.database                       : Set default schema name to PUBLIC
2026-02-16T08:24:28.853+01:00  INFO 3656 --- [    Test worker] liquibase.changelog                      : Reading from PUBLIC.DATABASECHANGELOG
2026-02-16T08:24:28.866+01:00  INFO 3656 --- [    Test worker] liquibase.lockservice                    : Successfully acquired change log lock
2026-02-16T08:24:28.866+01:00  INFO 3656 --- [    Test worker] liquibase.command                        : Using deploymentId: 1226668866
2026-02-16T08:24:28.866+01:00  INFO 3656 --- [    Test worker] liquibase.changelog                      : Reading from PUBLIC.DATABASECHANGELOG
2026-02-16T08:24:28.872+01:00  INFO 3656 --- [    Test worker] liquibase.util                           : UPDATE SUMMARY
2026-02-16T08:24:28.872+01:00  INFO 3656 --- [    Test worker] liquibase.util                           : Run:                          0
2026-02-16T08:24:28.872+01:00  INFO 3656 --- [    Test worker] liquibase.util                           : Previously run:               2
2026-02-16T08:24:28.872+01:00  INFO 3656 --- [    Test worker] liquibase.util                           : Filtered out:                 0
2026-02-16T08:24:28.872+01:00  INFO 3656 --- [    Test worker] liquibase.util                           : -------------------------------
2026-02-16T08:24:28.872+01:00  INFO 3656 --- [    Test worker] liquibase.util                           : Total change sets:            2
2026-02-16T08:24:28.872+01:00  INFO 3656 --- [    Test worker] liquibase.util                           : Update summary generated
2026-02-16T08:24:28.872+01:00  INFO 3656 --- [    Test worker] liquibase.command                        : Update command completed successfully.
Liquibase: Update has been successful. Rows affected: 0
2026-02-16T08:24:28.875+01:00  INFO 3656 --- [    Test worker] liquibase.lockservice                    : Successfully released change log lock
2026-02-16T08:24:28.875+01:00  INFO 3656 --- [    Test worker] liquibase.command                        : Command execution complete
2026-02-16T08:24:28.888+01:00  INFO 3656 --- [    Test worker] o.hibernate.jpa.internal.util.LogHelper  : HHH000204: Processing PersistenceUnitInfo [name: default]
2026-02-16T08:24:28.895+01:00  INFO 3656 --- [    Test worker] o.h.c.internal.RegionFactoryInitiator    : HHH000026: Second-level cache disabled
2026-02-16T08:24:28.899+01:00  INFO 3656 --- [    Test worker] o.s.o.j.p.SpringPersistenceUnitInfo      : No LoadTimeWeaver setup: ignoring JPA class transformer
2026-02-16T08:24:28.899+01:00  WARN 3656 --- [    Test worker] org.hibernate.orm.deprecation            : HHH90000025: H2Dialect does not need to be specified explicitly using 'hibernate.dialect' (remove the property setting and it will be selected by default)
2026-02-16T08:24:28.940+01:00  INFO 3656 --- [    Test worker] o.h.e.t.j.p.i.JtaPlatformInitiator       : HHH000489: No JTA platform available (set 'hibernate.transaction.jta.platform' to enable JTA platform integration)
2026-02-16T08:24:28.942+01:00  INFO 3656 --- [    Test worker] j.LocalContainerEntityManagerFactoryBean : Initialized JPA EntityManagerFactory for persistence unit 'default'
2026-02-16T08:24:29.024+01:00  WARN 3656 --- [    Test worker] JpaBaseConfiguration$JpaWebConfiguration : spring.jpa.open-in-view is enabled by default. Therefore, database queries may be performed during view rendering. Explicitly configure spring.jpa.open-in-view to disable this warning
2026-02-16T08:24:29.111+01:00  INFO 3656 --- [    Test worker] o.s.b.a.h2.H2ConsoleAutoConfiguration    : H2 console available at '/h2-console'. Database available at 'jdbc:h2:mem:testdb'
2026-02-16T08:24:29.132+01:00  INFO 3656 --- [    Test worker] c.e.testit.TaskServiceIntegrationTest    : Started TaskServiceIntegrationTest in 0.66 seconds (process running for 12.276)
2026-02-16T08:24:29.230+01:00  INFO 3656 --- [    Test worker] c.e.testit.adapter.mail.MailServiceFake  : Fake Mail to user1: Tâche commencée - La tâche 'Task 1' a été commencée.
2026-02-16T08:24:29.259+01:00  INFO 3656 --- [    Test worker] c.e.testit.adapter.mail.MailServiceFake  : Fake Mail to user1: Tâche commencée - La tâche 'Task 1' a été commencée.
2026-02-16T08:24:29.299+01:00  INFO 3656 --- [    Test worker] c.e.testit.adapter.mail.MailServiceFake  : Fake Mail to user1: Tâche commencée - La tâche 'Task 1' a été commencée.
2026-02-16T08:24:29.308+01:00  INFO 3656 --- [    Test worker] c.e.testit.adapter.mail.MailServiceFake  : Fake Mail to user1: Tâche terminée - La tâche 'Task 1' a été terminée.
2026-02-16T08:24:29.308+01:00  INFO 3656 --- [    Test worker] c.e.testit.adapter.mail.MailServiceFake  : Fake Mail to manager: Tâche de votre subordonné terminée - La tâche 'Task 1' assignée à user1 a été terminée.
2026-02-16T08:24:29.346+01:00  INFO 3656 --- [    Test worker] c.e.testit.adapter.mail.MailServiceFake  : Fake Mail to user1: Tâche commencée - La tâche 'Task 1' a été commencée.
2026-02-16T08:24:29.348+01:00  INFO 3656 --- [    Test worker] c.e.testit.adapter.mail.MailServiceFake  : Fake Mail to user1: Tâche terminée - La tâche 'Task 1' a été terminée.
]]></system-out>
  <system-err><![CDATA[]]></system-err>
</testsuite>
